[2025-09-13 20:01:00] Starting task: reading files
[2025-09-13 20:01:00] Files read: monthly=(36, 8), forecast=(13, 14), health=(36, 2)
[2025-09-13 20:01:00] Time columns: monthly=日期, forecast=日期, health=date
[2025-09-13 20:01:00] Target columns: monthly=营业收入, forecast=营业收入
[2025-09-13 20:01:00] Training data shape after cleaning: (36, 2)
[2025-09-13 20:01:00] Target variance: 49164275.49743283
[2025-09-13 20:01:00] Adaptive lags: [1, 2, 3, 6, 12], max_lag=12, n_rows=36
[2025-09-13 20:01:00] Feature data shape after lag features: (24, 12), features: ['date', 'target', 'month', 'year', 'lag_1', 'lag_2', 'lag_3', 'lag_6', 'lag_12', 'rolling_3', 'total_assets', 'net_profit']
[2025-09-13 20:01:00] Final X shape: (24, 10), y shape: (24,)
[2025-09-13 20:01:03] Task failed: 'Prophet' object has no attribute 'stan_backend'
Traceback (most recent call last):
  File "E:\Project1\project_folder\app.py", line 243, in run_task
    model = Prophet(yearly_seasonality=True, weekly_seasonality=False, daily_seasonality=False)
            ^^^^^^^^^^^^^^^^^^^^^^^^^^^^^^^^^^^^^^^^^^^^^^^^^^^^^^^^^^^^^^^^^^^^^^^^^^^^^^^^^^^
  File "E:\python\Anaconda3-2024.06-1\Lib\site-packages\prophet\forecaster.py", line 155, in __init__
    self._load_stan_backend(stan_backend)
  File "E:\python\Anaconda3-2024.06-1\Lib\site-packages\prophet\forecaster.py", line 168, in _load_stan_backend
    logger.debug("Loaded stan backend: %s", self.stan_backend.get_type())
                                            ^^^^^^^^^^^^^^^^^
AttributeError: 'Prophet' object has no attribute 'stan_backend'

