[2025-09-14 00:07:17] 任务开始：读取文件，CmdStanPy 版本=1.2.4
[2025-09-14 00:07:17] 文件读取完成：monthly=(36, 8), forecast=(13, 14), health=(36, 2)
[2025-09-14 00:07:17] 时间列：monthly=日期, forecast=日期, health=date
[2025-09-14 00:07:17] 目标列：monthly=营业收入, forecast=营业收入
[2025-09-14 00:07:17] 训练数据清洗后形状: (36, 2)
[2025-09-14 00:07:17] 目标列方差: 49164275.49743283
[2025-09-14 00:07:17] 自适应滞后特征: [1, 2, 3, 6, 12], max_lag=12, n_rows=36
[2025-09-14 00:07:17] 特征数据形状（含滞后和傅里叶项）: (24, 20), 特征: ['date', 'target', 'month', 'year', 'lag_1', 'lag_2', 'lag_3', 'lag_6', 'lag_12', 'rolling_3', 'total_assets', 'net_profit', 'fourier_sin_1', 'fourier_cos_1', 'fourier_sin_2', 'fourier_cos_2', 'fourier_sin_3', 'fourier_cos_3', 'fourier_sin_4', 'fourier_cos_4']
[2025-09-14 00:07:17] 最终 X 形状: (24, 18), y 形状: (24,)
[2025-09-14 00:07:17] Prophet 失败详情: No CmdStan installation found, run command "install_cmdstan"or (re)activate your conda environment!，切换到 RandomForest
[2025-09-14 00:07:18] RF CV 折: train=6, val=6, MAE=1065.19
[2025-09-14 00:07:18] RF CV 折: train=12, val=6, MAE=6150.22
[2025-09-14 00:07:18] RF CV 折: train=18, val=6, MAE=6882.66
[2025-09-14 00:07:18] RandomForest 最佳模型选择，MAE=1065.19
[2025-09-14 00:07:18] 模型训练完成，类型: RandomForest
[2025-09-14 00:07:18] RandomForest 预测成功: 12 个月
[2025-09-14 00:07:18] 预测完成：12 个月，模型类型=RandomForest
[2025-09-14 00:07:18] 预测波动: 0.62%
[2025-09-14 00:07:18] 从 health 获取健康度评分: 1.74
[2025-09-14 00:07:18] 从 monthly 计算资产负债率: 18247.05/51174.3 = 35.66%
[2025-09-14 00:07:18] 从 monthly 计算流动比率: 39000.03/18247.05 = 2.14
[2025-09-14 00:07:18] 从 monthly 计算速动比率: (39000.03-8106.74)/18247.05 = 1.69
[2025-09-14 00:07:18] KPI 提取完成: {'debt_ratio': 35.66, 'current_ratio': 2.14, 'quick_ratio': 1.69, 'health_score': 1.74}
[2025-09-14 00:07:18] SHAP 重要性计算完成: 10 项
[2025-09-14 00:07:18] 任务成功完成
